<?xml version="1.0" encoding="UTF-8"?>
<!-- Generated by org.testng.reporters.JUnitReportReporter -->
<testsuite hostname="GUKA1" name="my.selenium.udk.TestAccordion" tests="2" failures="0" timestamp="25 Dec 2013 08:04:43 GMT" time="3.564" errors="0">
  <testcase name="ExpColSingle" time="0.282" classname="my.selenium.udk.TestAccordion"/>
  <testcase name="ExpColAll" time="3.282" classname="my.selenium.udk.TestAccordion"/>
</testsuite> <!-- my.selenium.udk.TestAccordion -->
